/home/qxy/tk23_ws/install/face_recognition_arcface/lib/python3.10/site-packages/face_recognition_arcface/engine.py
/home/qxy/tk23_ws/install/face_recognition_arcface/lib/python3.10/site-packages/face_recognition_arcface/receptionist_face_task.py
/home/qxy/tk23_ws/install/face_recognition_arcface/lib/python3.10/site-packages/face_recognition_arcface/struct_info.py
/home/qxy/tk23_ws/install/face_recognition_arcface/lib/python3.10/site-packages/face_recognition_arcface/__init__.py
/home/qxy/tk23_ws/install/face_recognition_arcface/lib/python3.10/site-packages/face_recognition_arcface/lib_func.py
/home/qxy/tk23_ws/install/face_recognition_arcface/lib/python3.10/site-packages/face_recognition_arcface/__pycache__/engine.cpython-310.pyc
/home/qxy/tk23_ws/install/face_recognition_arcface/lib/python3.10/site-packages/face_recognition_arcface/__pycache__/receptionist_face_task.cpython-310.pyc
/home/qxy/tk23_ws/install/face_recognition_arcface/lib/python3.10/site-packages/face_recognition_arcface/__pycache__/struct_info.cpython-310.pyc
/home/qxy/tk23_ws/install/face_recognition_arcface/lib/python3.10/site-packages/face_recognition_arcface/__pycache__/__init__.cpython-310.pyc
/home/qxy/tk23_ws/install/face_recognition_arcface/lib/python3.10/site-packages/face_recognition_arcface/__pycache__/lib_func.cpython-310.pyc
/home/qxy/tk23_ws/install/face_recognition_arcface/share/ament_index/resource_index/packages/face_recognition_arcface
/home/qxy/tk23_ws/install/face_recognition_arcface/share/face_recognition_arcface/package.xml
/home/qxy/tk23_ws/install/face_recognition_arcface/lib/python3.10/site-packages/face_recognition_arcface-0.0.0-py3.10.egg-info/zip-safe
/home/qxy/tk23_ws/install/face_recognition_arcface/lib/python3.10/site-packages/face_recognition_arcface-0.0.0-py3.10.egg-info/dependency_links.txt
/home/qxy/tk23_ws/install/face_recognition_arcface/lib/python3.10/site-packages/face_recognition_arcface-0.0.0-py3.10.egg-info/requires.txt
/home/qxy/tk23_ws/install/face_recognition_arcface/lib/python3.10/site-packages/face_recognition_arcface-0.0.0-py3.10.egg-info/top_level.txt
/home/qxy/tk23_ws/install/face_recognition_arcface/lib/python3.10/site-packages/face_recognition_arcface-0.0.0-py3.10.egg-info/PKG-INFO
/home/qxy/tk23_ws/install/face_recognition_arcface/lib/python3.10/site-packages/face_recognition_arcface-0.0.0-py3.10.egg-info/SOURCES.txt
/home/qxy/tk23_ws/install/face_recognition_arcface/lib/python3.10/site-packages/face_recognition_arcface-0.0.0-py3.10.egg-info/entry_points.txt
/home/qxy/tk23_ws/install/face_recognition_arcface/lib/face_recognition_arcface/receptionist_face_task
