/home/qxy/tk23_ws/install/object_detection/lib/python3.10/site-packages/object_detection/seg_yolov8.py
/home/qxy/tk23_ws/install/object_detection/lib/python3.10/site-packages/object_detection/__init__.py
/home/qxy/tk23_ws/install/object_detection/lib/python3.10/site-packages/object_detection/third_party/__init__.py
/home/qxy/tk23_ws/install/object_detection/lib/python3.10/site-packages/object_detection/third_party/deep_sort_realtime/__init__.py
/home/qxy/tk23_ws/install/object_detection/lib/python3.10/site-packages/object_detection/third_party/deep_sort_realtime/deepsort_tracker.py
/home/qxy/tk23_ws/install/object_detection/lib/python3.10/site-packages/object_detection/third_party/deep_sort_realtime/utils/nms.py
/home/qxy/tk23_ws/install/object_detection/lib/python3.10/site-packages/object_detection/third_party/deep_sort_realtime/utils/__init__.py
/home/qxy/tk23_ws/install/object_detection/lib/python3.10/site-packages/object_detection/third_party/deep_sort_realtime/embedder/mobilenetv2_bottle.py
/home/qxy/tk23_ws/install/object_detection/lib/python3.10/site-packages/object_detection/third_party/deep_sort_realtime/embedder/embedder_pytorch.py
/home/qxy/tk23_ws/install/object_detection/lib/python3.10/site-packages/object_detection/third_party/deep_sort_realtime/embedder/embedder_tf.py
/home/qxy/tk23_ws/install/object_detection/lib/python3.10/site-packages/object_detection/third_party/deep_sort_realtime/embedder/__init__.py
/home/qxy/tk23_ws/install/object_detection/lib/python3.10/site-packages/object_detection/third_party/deep_sort_realtime/embedder/embedder_clip.py
/home/qxy/tk23_ws/install/object_detection/lib/python3.10/site-packages/object_detection/third_party/deep_sort_realtime/deep_sort/tracker.py
/home/qxy/tk23_ws/install/object_detection/lib/python3.10/site-packages/object_detection/third_party/deep_sort_realtime/deep_sort/kalman_filter.py
/home/qxy/tk23_ws/install/object_detection/lib/python3.10/site-packages/object_detection/third_party/deep_sort_realtime/deep_sort/nn_matching.py
/home/qxy/tk23_ws/install/object_detection/lib/python3.10/site-packages/object_detection/third_party/deep_sort_realtime/deep_sort/linear_assignment.py
/home/qxy/tk23_ws/install/object_detection/lib/python3.10/site-packages/object_detection/third_party/deep_sort_realtime/deep_sort/detection.py
/home/qxy/tk23_ws/install/object_detection/lib/python3.10/site-packages/object_detection/third_party/deep_sort_realtime/deep_sort/track.py
/home/qxy/tk23_ws/install/object_detection/lib/python3.10/site-packages/object_detection/third_party/deep_sort_realtime/deep_sort/iou_matching.py
/home/qxy/tk23_ws/install/object_detection/lib/python3.10/site-packages/object_detection/third_party/deep_sort_realtime/deep_sort/__init__.py
/home/qxy/tk23_ws/install/object_detection/lib/python3.10/site-packages/object_detection/__pycache__/seg_yolov8.cpython-310.pyc
/home/qxy/tk23_ws/install/object_detection/lib/python3.10/site-packages/object_detection/__pycache__/__init__.cpython-310.pyc
/home/qxy/tk23_ws/install/object_detection/lib/python3.10/site-packages/object_detection/third_party/__pycache__/__init__.cpython-310.pyc
/home/qxy/tk23_ws/install/object_detection/lib/python3.10/site-packages/object_detection/third_party/deep_sort_realtime/__pycache__/__init__.cpython-310.pyc
/home/qxy/tk23_ws/install/object_detection/lib/python3.10/site-packages/object_detection/third_party/deep_sort_realtime/__pycache__/deepsort_tracker.cpython-310.pyc
/home/qxy/tk23_ws/install/object_detection/lib/python3.10/site-packages/object_detection/third_party/deep_sort_realtime/utils/__pycache__/nms.cpython-310.pyc
/home/qxy/tk23_ws/install/object_detection/lib/python3.10/site-packages/object_detection/third_party/deep_sort_realtime/utils/__pycache__/__init__.cpython-310.pyc
/home/qxy/tk23_ws/install/object_detection/lib/python3.10/site-packages/object_detection/third_party/deep_sort_realtime/embedder/__pycache__/mobilenetv2_bottle.cpython-310.pyc
/home/qxy/tk23_ws/install/object_detection/lib/python3.10/site-packages/object_detection/third_party/deep_sort_realtime/embedder/__pycache__/embedder_pytorch.cpython-310.pyc
/home/qxy/tk23_ws/install/object_detection/lib/python3.10/site-packages/object_detection/third_party/deep_sort_realtime/embedder/__pycache__/embedder_tf.cpython-310.pyc
/home/qxy/tk23_ws/install/object_detection/lib/python3.10/site-packages/object_detection/third_party/deep_sort_realtime/embedder/__pycache__/__init__.cpython-310.pyc
/home/qxy/tk23_ws/install/object_detection/lib/python3.10/site-packages/object_detection/third_party/deep_sort_realtime/embedder/__pycache__/embedder_clip.cpython-310.pyc
/home/qxy/tk23_ws/install/object_detection/lib/python3.10/site-packages/object_detection/third_party/deep_sort_realtime/deep_sort/__pycache__/tracker.cpython-310.pyc
/home/qxy/tk23_ws/install/object_detection/lib/python3.10/site-packages/object_detection/third_party/deep_sort_realtime/deep_sort/__pycache__/kalman_filter.cpython-310.pyc
/home/qxy/tk23_ws/install/object_detection/lib/python3.10/site-packages/object_detection/third_party/deep_sort_realtime/deep_sort/__pycache__/nn_matching.cpython-310.pyc
/home/qxy/tk23_ws/install/object_detection/lib/python3.10/site-packages/object_detection/third_party/deep_sort_realtime/deep_sort/__pycache__/linear_assignment.cpython-310.pyc
/home/qxy/tk23_ws/install/object_detection/lib/python3.10/site-packages/object_detection/third_party/deep_sort_realtime/deep_sort/__pycache__/detection.cpython-310.pyc
/home/qxy/tk23_ws/install/object_detection/lib/python3.10/site-packages/object_detection/third_party/deep_sort_realtime/deep_sort/__pycache__/track.cpython-310.pyc
/home/qxy/tk23_ws/install/object_detection/lib/python3.10/site-packages/object_detection/third_party/deep_sort_realtime/deep_sort/__pycache__/iou_matching.cpython-310.pyc
/home/qxy/tk23_ws/install/object_detection/lib/python3.10/site-packages/object_detection/third_party/deep_sort_realtime/deep_sort/__pycache__/__init__.cpython-310.pyc
/home/qxy/tk23_ws/install/object_detection/share/ament_index/resource_index/packages/object_detection
/home/qxy/tk23_ws/install/object_detection/share/object_detection/package.xml
/home/qxy/tk23_ws/install/object_detection/lib/python3.10/site-packages/object_detection-0.0.0-py3.10.egg-info/zip-safe
/home/qxy/tk23_ws/install/object_detection/lib/python3.10/site-packages/object_detection-0.0.0-py3.10.egg-info/dependency_links.txt
/home/qxy/tk23_ws/install/object_detection/lib/python3.10/site-packages/object_detection-0.0.0-py3.10.egg-info/requires.txt
/home/qxy/tk23_ws/install/object_detection/lib/python3.10/site-packages/object_detection-0.0.0-py3.10.egg-info/top_level.txt
/home/qxy/tk23_ws/install/object_detection/lib/python3.10/site-packages/object_detection-0.0.0-py3.10.egg-info/PKG-INFO
/home/qxy/tk23_ws/install/object_detection/lib/python3.10/site-packages/object_detection-0.0.0-py3.10.egg-info/SOURCES.txt
/home/qxy/tk23_ws/install/object_detection/lib/python3.10/site-packages/object_detection-0.0.0-py3.10.egg-info/entry_points.txt
/home/qxy/tk23_ws/install/object_detection/lib/object_detection/service
